==========程序名称==========
[start]:2021-08-25 11:43:26.959312;[end]:2021-08-25 11:43:26.959312
[info]:Run Successful
==========程序名称==========
[start]:2021-08-25 11:43:36.961570;[end]:2021-08-25 11:43:36.961570
[info]:Run Successful
==========程序名称==========
[start]:2021-08-25 11:43:46.963089;[end]:2021-08-25 11:43:46.963827
[info]:Run Successful
==========程序名称==========
[start]:2021-08-25 11:43:56.964350;[end]:2021-08-25 11:43:56.965127
[info]:Run Successful
==========程序名称==========
[start]:2021-08-25 11:44:06.965429;[end]:2021-08-25 11:44:06.966405
[info]:Run Successful
==========程序名称==========
[start]:2021-08-25 11:44:16.967355;[end]:2021-08-25 11:44:16.968378
[info]:Run Successful
==========程序名称==========
[start]:2021-08-25 11:44:26.969889;[end]:2021-08-25 11:44:26.970945
[info]:Run Successful
==========程序名称==========
[start]:2021-08-25 11:44:36.972523;[end]:2021-08-25 11:44:36.972523
[info]:Run Successful
==========程序名称==========
[start]:2021-08-25 11:44:46.974060;[end]:2021-08-25 11:44:46.974060
[info]:Run Successful
==========程序名称==========
[start]:2021-08-25 11:44:56.975607;[end]:2021-08-25 11:44:56.976421
[info]:Run Successful
====================
[run_file]:C:/Users/admin_yl/Desktop/code/test_code/添加日志（装饰器）.py
[start]:2021-08-25 11:49:47.338312;[end]:2021-08-25 11:49:47.338312
[info]:Run Successful
====================
[run_file]:C:/Users/admin_yl/Desktop/code/test_code/添加日志（装饰器）.py
[start]:2021-08-25 11:49:57.341068;[end]:2021-08-25 11:49:57.341068
[info]:Run Successful
====================
[run_file]:C:/Users/admin_yl/Desktop/code/test_code/添加日志（装饰器）.py
[start]:2021-08-25 11:50:07.341296;[end]:2021-08-25 11:50:07.342336
[info]:Run Successful
====================
[run_file]:C:/Users/admin_yl/Desktop/code/test_code/添加日志（装饰器）.py
[start]:2021-08-25 11:50:17.343616;[end]:2021-08-25 11:50:17.343616
[info]:Run Successful
====================
[run_file]:C:/Users/admin_yl/Desktop/code/test_code/添加日志（装饰器）.py
[start]:2021-08-25 11:50:27.344362;[end]:2021-08-25 11:50:27.345328
[info]:Run Successful
